<?xml version="1.0" encoding="UTF-8"?>
<testng-results ignored="0" total="6" passed="5" failed="1" skipped="0">
  <reporter-output>
  </reporter-output>
  <suite started-at="2022-08-27T11:04:14 IST" name="Suite" finished-at="2022-08-27T11:04:17 IST" duration-ms="2862">
    <groups>
    </groups>
    <test started-at="2022-08-27T11:04:14 IST" name="Create Customer API Testng" finished-at="2022-08-27T11:04:16 IST" duration-ms="1634">
      <class name="com.w2a.APTestingFramework.testcases.CreateCustomerTest">
        <test-method signature="validateCreateCustomerAPI(java.util.Hashtable)[pri:0, instance:com.w2a.APTestingFramework.testcases.CreateCustomerTest@751d3241]" started-at="2022-08-27T11:04:14 IST" name="validateCreateCustomerAPI" data-provider="getData" finished-at="2022-08-27T11:04:16 IST" duration-ms="1533" status="PASS">
          <params>
            <param index="0">
              <value>
                <![CDATA[{email=krishna@krishna.com, name=Krishna, description=Hai this is my first test}]]>
              </value>
            </param>
          </params>
          <reporter-output>
          </reporter-output>
        </test-method> <!-- validateCreateCustomerAPI -->
        <test-method signature="validateCreateCustomerAPI(java.util.Hashtable)[pri:0, instance:com.w2a.APTestingFramework.testcases.CreateCustomerTest@751d3241]" started-at="2022-08-27T11:04:14 IST" name="validateCreateCustomerAPI" data-provider="getData" finished-at="2022-08-27T11:04:16 IST" duration-ms="1533" status="PASS">
          <params>
            <param index="0">
              <value>
                <![CDATA[{email=test@abc.com, name=Random guy, description=this is my third test }]]>
              </value>
            </param>
          </params>
          <reporter-output>
          </reporter-output>
        </test-method> <!-- validateCreateCustomerAPI -->
        <test-method signature="validateCreateCustomerAPI(java.util.Hashtable)[pri:0, instance:com.w2a.APTestingFramework.testcases.CreateCustomerTest@751d3241]" started-at="2022-08-27T11:04:14 IST" name="validateCreateCustomerAPI" data-provider="getData" finished-at="2022-08-27T11:04:16 IST" duration-ms="1583" status="PASS">
          <params>
            <param index="0">
              <value>
                <![CDATA[{email=sand@sand.com, name=Sandeep, description=test is the second test}]]>
              </value>
            </param>
          </params>
          <reporter-output>
          </reporter-output>
        </test-method> <!-- validateCreateCustomerAPI -->
        <test-method signature="validateCreateCustomerAPI(java.util.Hashtable)[pri:0, instance:com.w2a.APTestingFramework.testcases.CreateCustomerTest@751d3241]" started-at="2022-08-27T11:04:14 IST" name="validateCreateCustomerAPI" data-provider="getData" finished-at="2022-08-27T11:04:16 IST" duration-ms="1533" status="PASS">
          <params>
            <param index="0">
              <value>
                <![CDATA[{email=test@girls.com, name=Random girl, description=forth}]]>
              </value>
            </param>
          </params>
          <reporter-output>
          </reporter-output>
        </test-method> <!-- validateCreateCustomerAPI -->
        <test-method signature="invalidCreateCustomerAPI(java.util.Hashtable)[pri:0, instance:com.w2a.APTestingFramework.testcases.CreateCustomerTest@751d3241]" started-at="2022-08-27T11:04:14 IST" name="invalidCreateCustomerAPI" data-provider="getData" finished-at="2022-08-27T11:04:15 IST" duration-ms="1275" status="FAIL">
          <params>
            <param index="0">
              <value>
                <![CDATA[{email=, name=Krishna, description=invalid test}]]>
              </value>
            </param>
          </params>
          <exception class="java.lang.AssertionError">
            <message>
              <![CDATA[expected [200] but found [401]]]>
            </message>
            <full-stacktrace>
              <![CDATA[java.lang.AssertionError: expected [200] but found [401]
at org.testng.Assert.fail(Assert.java:110)
at org.testng.Assert.failNotEquals(Assert.java:1413)
at org.testng.Assert.assertEqualsImpl(Assert.java:149)
at org.testng.Assert.assertEquals(Assert.java:131)
at org.testng.Assert.assertEquals(Assert.java:1240)
at org.testng.Assert.assertEquals(Assert.java:1274)
at com.w2a.APTestingFramework.testcases.CreateCustomerAPI.sendPostrequesttoCreateCustomerAPIwithInvalidAuth(CreateCustomerAPI.java:43)
at com.w2a.APTestingFramework.testcases.CreateCustomerTest.invalidCreateCustomerAPI(CreateCustomerTest.java:39)
at java.base/jdk.internal.reflect.NativeMethodAccessorImpl.invoke0(Native Method)
at java.base/jdk.internal.reflect.NativeMethodAccessorImpl.invoke(NativeMethodAccessorImpl.java:77)
at java.base/jdk.internal.reflect.DelegatingMethodAccessorImpl.invoke(DelegatingMethodAccessorImpl.java:43)
at java.base/java.lang.reflect.Method.invoke(Method.java:568)
at org.testng.internal.invokers.MethodInvocationHelper.invokeMethod(MethodInvocationHelper.java:139)
at org.testng.internal.invokers.TestInvoker.invokeMethod(TestInvoker.java:677)
at org.testng.internal.invokers.TestInvoker.invokeTestMethod(TestInvoker.java:221)
at org.testng.internal.invokers.TestMethodWithDataProviderMethodWorker.call(TestMethodWithDataProviderMethodWorker.java:80)
at org.testng.internal.invokers.TestMethodWithDataProviderMethodWorker.call(TestMethodWithDataProviderMethodWorker.java:17)
at java.base/java.util.concurrent.FutureTask.run(FutureTask.java:264)
at java.base/java.util.concurrent.Executors$RunnableAdapter.call(Executors.java:539)
at java.base/java.util.concurrent.FutureTask.run(FutureTask.java:264)
at java.base/java.util.concurrent.ThreadPoolExecutor.runWorker(ThreadPoolExecutor.java:1136)
at java.base/java.util.concurrent.ThreadPoolExecutor$Worker.run(ThreadPoolExecutor.java:635)
at java.base/java.lang.Thread.run(Thread.java:833)
]]>
            </full-stacktrace>
          </exception> <!-- java.lang.AssertionError -->
          <reporter-output>
          </reporter-output>
        </test-method> <!-- invalidCreateCustomerAPI -->
      </class> <!-- com.w2a.APTestingFramework.testcases.CreateCustomerTest -->
    </test> <!-- Create Customer API Testng -->
    <test started-at="2022-08-27T11:04:16 IST" name="Delete Customer API Testng" finished-at="2022-08-27T11:04:17 IST" duration-ms="1056">
      <class name="com.w2a.APTestingFramework.testcases.DeleteCustomerTest">
        <test-method is-config="true" signature="setUp()[pri:0, instance:com.w2a.APTestingFramework.testcases.DeleteCustomerTest@5fd62371]" started-at="2022-08-27T11:04:14 IST" name="setUp" finished-at="2022-08-27T11:04:14 IST" duration-ms="244" status="PASS">
          <reporter-output>
          </reporter-output>
        </test-method> <!-- setUp -->
        <test-method signature="deleteCustomer(java.util.Hashtable)[pri:0, instance:com.w2a.APTestingFramework.testcases.DeleteCustomerTest@5fd62371]" started-at="2022-08-27T11:04:16 IST" name="deleteCustomer" data-provider="getData" finished-at="2022-08-27T11:04:17 IST" duration-ms="1034" status="PASS">
          <params>
            <param index="0">
              <value>
                <![CDATA[{id=cus_MJgPpLs23JTry2}]]>
              </value>
            </param>
          </params>
          <reporter-output>
          </reporter-output>
        </test-method> <!-- deleteCustomer -->
      </class> <!-- com.w2a.APTestingFramework.testcases.DeleteCustomerTest -->
    </test> <!-- Delete Customer API Testng -->
  </suite> <!-- Suite -->
</testng-results>
